<?xml version="1.0" encoding="UTF-8"?>
<testng-results skipped="0" failed="0" ignored="0" total="1" passed="1">
  <reporter-output>
  </reporter-output>
  <suite name="Default suite" duration-ms="85" started-at="2020-12-20T07:36:32Z" finished-at="2020-12-20T07:36:32Z">
    <groups>
    </groups>
    <test name="Default test" duration-ms="85" started-at="2020-12-20T07:36:32Z" finished-at="2020-12-20T07:36:32Z">
      <class name="ABC.VerifyInteger">
        <test-method status="PASS" signature="f()[pri:0, instance:ABC.VerifyInteger@4439f31e]" name="f" duration-ms="15" started-at="2020-12-20T07:36:32Z" finished-at="2020-12-20T07:36:32Z">
          <reporter-output>
          </reporter-output>
        </test-method> <!-- f -->
      </class> <!-- ABC.VerifyInteger -->
    </test> <!-- Default test -->
  </suite> <!-- Default suite -->
</testng-results>
