<?xml version="1.0" encoding="UTF-8"?>
<testng-results skipped="0" failed="0" ignored="0" total="1" passed="1">
  <reporter-output>
  </reporter-output>
  <suite name="Default suite" duration-ms="6315" started-at="2021-01-03T18:19:01Z" finished-at="2021-01-03T18:19:07Z">
    <groups>
    </groups>
    <test name="Default test" duration-ms="6315" started-at="2021-01-03T18:19:01Z" finished-at="2021-01-03T18:19:07Z">
      <class name="GET.QueryParam">
        <test-method status="PASS" signature="queryParam()[pri:0, instance:GET.QueryParam@68c4039c]" name="queryParam" duration-ms="6254" started-at="2021-01-03T18:19:01Z" finished-at="2021-01-03T18:19:07Z">
          <reporter-output>
          </reporter-output>
        </test-method> <!-- queryParam -->
      </class> <!-- GET.QueryParam -->
    </test> <!-- Default test -->
  </suite> <!-- Default suite -->
</testng-results>
