<?xml version="1.0" encoding="UTF-8"?>
<!-- Generated by org.testng.reporters.JUnitXMLReporter -->
<testsuite hostname="DIN80001418" name="Test" tests="1" failures="1" timestamp="13 Feb 2019 10:23:00 GMT" time="56.431" errors="0">
  <testcase name="TC_001_Disconnect_Broadband_Service" time="56.419" classname="telia.testautomation.regression.Disconnect_Service">
    <failure type="java.lang.NullPointerException">
      <![CDATA[java.lang.NullPointerException
	at coreFramework.CommonWebActions$1.apply(CommonWebActions.java:772)
	at coreFramework.CommonWebActions$1.apply(CommonWebActions.java:1)
	at org.openqa.selenium.support.ui.FluentWait.until(FluentWait.java:249)
	at coreFramework.CommonWebActions.waituntil(CommonWebActions.java:770)
	at telia.testautomation.regression.Disconnect_Service.TC_001_Disconnect_Broadband_Service(Disconnect_Service.java:85)
... Removed 24 stack frames]]>
    </failure>
  </testcase> <!-- TC_001_Disconnect_Broadband_Service -->
</testsuite> <!-- Test -->
