<?xml version="1.0" encoding="UTF-8"?>
<!-- Generated by org.testng.reporters.JUnitXMLReporter -->
<testsuite hostname="tr100testts01" name="Modify" tests="4" failures="0" timestamp="13 Mar 2019 14:09:18 GMT" time="633.722" errors="0">
  <testcase name="TC_01_modifySDU_ChangeSpeed" time="107.196" classname="telia.testautomation.Modify.Sprint3_Modify"/>
  <testcase name="TC_03_HandleNumberChange_ofpstnBB" time="126.308" classname="telia.testautomation.Modify.Sprint3_Modify"/>
  <testcase name="TC_004_Downgrade_Same_address_shared_line" time="187.338" classname="telia.testautomation.Modify.Sprint3_Modify"/>
  <testcase name="TC_005_DSL_PSTN_DOWN" time="202.128" classname="telia.testautomation.Modify.Sprint3_Modify"/>
</testsuite> <!-- Modify -->
