<?xml version="1.0" encoding="UTF-8"?>
<!-- Generated by org.testng.reporters.JUnitXMLReporter -->
<testsuite hostname="DESKTOP-TLB2RI3" ignored="1" name="ToolsQA" tests="2" failures="2" timestamp="14 Dec 2020 09:21:38 GMT" time="0.092" errors="0">
  <testcase name="clickAccountSetting" time="0.031" classname="TestNG.Grouping">
    <failure type="java.lang.NullPointerException">
      <![CDATA[java.lang.NullPointerException
at TestNG.Grouping.clickAccountSetting(Grouping.java:58)
... Removed 25 stack frames]]>
    </failure>
  </testcase> <!-- clickAccountSetting -->
  <testcase name="login" time="0.0" classname="TestNG.Grouping">
    <failure type="java.lang.NullPointerException">
      <![CDATA[java.lang.NullPointerException
at TestNG.Grouping.login(Grouping.java:40)
... Removed 25 stack frames]]>
    </failure>
  </testcase> <!-- login -->
  <testcase name="afterLogin" time="0.0" classname="TestNG.Grouping">
    <ignored/>
  </testcase> <!-- afterLogin -->
</testsuite> <!-- ToolsQA -->
