<?xml version="1.0" encoding="UTF-8"?>
<!-- Generated by org.testng.reporters.JUnitXMLReporter -->
<testsuite hostname="tr100testts01" name="Revise" tests="3" failures="1" timestamp="13 Mar 2019 13:20:24 GMT" time="320.52" errors="0">
  <testcase name="xDSL_Revise_New" time="3.936" classname="telia.testautomation.Revise.Sprint3_Xdsl_Revise">
    <failure type="java.lang.NullPointerException">
      <![CDATA[java.lang.NullPointerException
	at telia.testautomation.Revise.Sprint3_Xdsl_Revise.xDSL_Revise_New(Sprint3_Xdsl_Revise.java:195)
... Removed 24 stack frames]]>
    </failure>
  </testcase> <!-- xDSL_Revise_New -->
  <testcase name="xDSL_Revise_Modify" time="159.786" classname="telia.testautomation.Revise.Sprint3_Xdsl_Revise"/>
  <testcase name="xDSL_Revise_Disconnect" time="150.135" classname="telia.testautomation.Revise.Sprint3_Xdsl_Revise"/>
</testsuite> <!-- Revise -->
